<?xml version="1.0" encoding="UTF-8"?>
<testng-results ignored="2" total="8" passed="4" failed="2" skipped="0">
  <reporter-output>
  </reporter-output>
  <suite started-at="2022-10-08T21:30:44Z" name="Test_Suite" finished-at="2022-10-08T21:31:30Z" duration-ms="46449">
    <groups>
    </groups>
    <test started-at="2022-10-08T21:30:44Z" name="Sub_Suite_2" finished-at="2022-10-08T21:31:30Z" duration-ms="46449">
      <class name="TestRunner.TestRunner">
        <test-method is-config="true" signature="Intialize(java.lang.String, java.lang.String)[pri:0, instance:TestRunner.TestRunner@2fb0623e]" started-at="2022-10-08T21:30:44Z" name="Intialize" finished-at="2022-10-08T21:30:53Z" duration-ms="8861" status="PASS">
          <params>
            <param index="0">
              <value>
                <![CDATA[chrome]]>
              </value>
            </param>
            <param index="1">
              <value>
                <![CDATA[https://demoqa.com/]]>
              </value>
            </param>
          </params>
          <reporter-output>
          </reporter-output>
        </test-method> <!-- Intialize -->
        <test-method is-config="true" signature="validateTitle(java.lang.String, java.lang.String)[pri:0, instance:TestRunner.TestRunner@2fb0623e]" started-at="2022-10-08T21:30:53Z" name="validateTitle" finished-at="2022-10-08T21:30:53Z" depends-on-methods="Utilities.Browser_Base.Intialize" duration-ms="13" status="PASS">
          <params>
            <param index="0">
              <value>
                <![CDATA[https://demoqa.com/]]>
              </value>
            </param>
            <param index="1">
              <value>
                <![CDATA[chrome]]>
              </value>
            </param>
          </params>
          <reporter-output>
          </reporter-output>
        </test-method> <!-- validateTitle -->
        <test-method is-config="true" signature="validateCurrentURL(java.lang.String, java.lang.String)[pri:0, instance:TestRunner.TestRunner@2fb0623e]" started-at="2022-10-08T21:30:53Z" name="validateCurrentURL" finished-at="2022-10-08T21:30:53Z" depends-on-methods="Utilities.Utils.validateTitle, Utilities.Browser_Base.Intialize" duration-ms="7" status="PASS">
          <params>
            <param index="0">
              <value>
                <![CDATA[https://demoqa.com/]]>
              </value>
            </param>
            <param index="1">
              <value>
                <![CDATA[chrome]]>
              </value>
            </param>
          </params>
          <reporter-output>
          </reporter-output>
        </test-method> <!-- validateCurrentURL -->
        <test-method is-config="true" signature="implicitwait()[pri:0, instance:TestRunner.TestRunner@2fb0623e]" started-at="2022-10-08T21:30:53Z" name="implicitwait" finished-at="2022-10-08T21:30:53Z" duration-ms="5" status="PASS">
          <reporter-output>
          </reporter-output>
        </test-method> <!-- implicitwait -->
        <test-method is-config="true" signature="threadSleep()[pri:0, instance:TestRunner.TestRunner@2fb0623e]" started-at="2022-10-08T21:30:53Z" name="threadSleep" finished-at="2022-10-08T21:30:53Z" duration-ms="2" status="PASS">
          <reporter-output>
          </reporter-output>
        </test-method> <!-- threadSleep -->
        <test-method is-config="true" signature="testCasename()[pri:0, instance:TestRunner.TestRunner@2fb0623e]" started-at="2022-10-08T21:30:53Z" name="testCasename" finished-at="2022-10-08T21:30:53Z" duration-ms="0" status="PASS">
          <reporter-output>
          </reporter-output>
        </test-method> <!-- testCasename -->
        <test-method signature="goToWdgetsScreen()[pri:1, instance:TestRunner.TestRunner@2fb0623e]" started-at="2022-10-08T21:30:53Z" name="goToWdgetsScreen" description="Register for the book store" finished-at="2022-10-08T21:30:55Z" duration-ms="2436" status="PASS">
          <reporter-output>
          </reporter-output>
        </test-method> <!-- goToWdgetsScreen -->
        <test-method is-config="true" signature="implicitwait()[pri:0, instance:TestRunner.TestRunner@2fb0623e]" started-at="2022-10-08T21:30:55Z" name="implicitwait" finished-at="2022-10-08T21:30:55Z" duration-ms="5" status="PASS">
          <reporter-output>
          </reporter-output>
        </test-method> <!-- implicitwait -->
        <test-method is-config="true" signature="threadSleep()[pri:0, instance:TestRunner.TestRunner@2fb0623e]" started-at="2022-10-08T21:30:55Z" name="threadSleep" finished-at="2022-10-08T21:30:55Z" duration-ms="3" status="PASS">
          <reporter-output>
          </reporter-output>
        </test-method> <!-- threadSleep -->
        <test-method is-config="true" signature="testCasename()[pri:0, instance:TestRunner.TestRunner@2fb0623e]" started-at="2022-10-08T21:30:55Z" name="testCasename" finished-at="2022-10-08T21:30:55Z" duration-ms="0" status="PASS">
          <reporter-output>
          </reporter-output>
        </test-method> <!-- testCasename -->
        <test-method signature="goToWdgetsScreen2()[pri:1, instance:TestRunner.TestRunner@2fb0623e]" started-at="2022-10-08T21:30:55Z" name="goToWdgetsScreen2" description="Register for the book store" finished-at="2022-10-08T21:30:58Z" duration-ms="3107" status="PASS">
          <reporter-output>
          </reporter-output>
        </test-method> <!-- goToWdgetsScreen2 -->
        <test-method is-config="true" signature="implicitwait()[pri:0, instance:TestRunner.TestRunner@2fb0623e]" started-at="2022-10-08T21:30:59Z" name="implicitwait" finished-at="2022-10-08T21:30:59Z" duration-ms="1" status="PASS">
          <reporter-output>
          </reporter-output>
        </test-method> <!-- implicitwait -->
        <test-method is-config="true" signature="testCasename()[pri:0, instance:TestRunner.TestRunner@2fb0623e]" started-at="2022-10-08T21:30:59Z" name="testCasename" finished-at="2022-10-08T21:30:59Z" duration-ms="1" status="PASS">
          <reporter-output>
          </reporter-output>
        </test-method> <!-- testCasename -->
        <test-method is-config="true" signature="threadSleep()[pri:0, instance:TestRunner.TestRunner@2fb0623e]" started-at="2022-10-08T21:30:59Z" name="threadSleep" finished-at="2022-10-08T21:30:59Z" duration-ms="2" status="PASS">
          <reporter-output>
          </reporter-output>
        </test-method> <!-- threadSleep -->
        <test-method signature="goToAccordian()[pri:1, instance:TestRunner.TestRunner@2fb0623e]" started-at="2022-10-08T21:30:59Z" name="goToAccordian" description="Register for the book store" finished-at="2022-10-08T21:30:59Z" duration-ms="188" status="PASS">
          <reporter-output>
          </reporter-output>
        </test-method> <!-- goToAccordian -->
        <test-method is-config="true" signature="implicitwait()[pri:0, instance:TestRunner.TestRunner@2fb0623e]" started-at="2022-10-08T21:30:59Z" name="implicitwait" finished-at="2022-10-08T21:30:59Z" duration-ms="7" status="PASS">
          <reporter-output>
          </reporter-output>
        </test-method> <!-- implicitwait -->
        <test-method is-config="true" signature="threadSleep()[pri:0, instance:TestRunner.TestRunner@2fb0623e]" started-at="2022-10-08T21:30:59Z" name="threadSleep" finished-at="2022-10-08T21:30:59Z" duration-ms="3" status="PASS">
          <reporter-output>
          </reporter-output>
        </test-method> <!-- threadSleep -->
        <test-method is-config="true" signature="testCasename()[pri:0, instance:TestRunner.TestRunner@2fb0623e]" started-at="2022-10-08T21:30:59Z" name="testCasename" finished-at="2022-10-08T21:30:59Z" duration-ms="0" status="PASS">
          <reporter-output>
          </reporter-output>
        </test-method> <!-- testCasename -->
        <test-method signature="goToSlider()[pri:1, instance:TestRunner.TestRunner@2fb0623e]" started-at="2022-10-08T21:30:59Z" name="goToSlider" description="Register for the book store" finished-at="2022-10-08T21:31:00Z" duration-ms="1225" status="PASS">
          <reporter-output>
          </reporter-output>
        </test-method> <!-- goToSlider -->
        <test-method is-config="true" signature="implicitwait()[pri:0, instance:TestRunner.TestRunner@2fb0623e]" started-at="2022-10-08T21:31:01Z" name="implicitwait" finished-at="2022-10-08T21:31:01Z" duration-ms="1" status="PASS">
          <reporter-output>
          </reporter-output>
        </test-method> <!-- implicitwait -->
        <test-method is-config="true" signature="testCasename()[pri:0, instance:TestRunner.TestRunner@2fb0623e]" started-at="2022-10-08T21:31:01Z" name="testCasename" finished-at="2022-10-08T21:31:01Z" duration-ms="1" status="PASS">
          <reporter-output>
          </reporter-output>
        </test-method> <!-- testCasename -->
        <test-method is-config="true" signature="threadSleep()[pri:0, instance:TestRunner.TestRunner@2fb0623e]" started-at="2022-10-08T21:31:01Z" name="threadSleep" finished-at="2022-10-08T21:31:01Z" duration-ms="2" status="PASS">
          <reporter-output>
          </reporter-output>
        </test-method> <!-- threadSleep -->
        <test-method signature="goToProgressBar()[pri:1, instance:TestRunner.TestRunner@2fb0623e]" started-at="2022-10-08T21:31:01Z" name="goToProgressBar" description="Register for the book store" finished-at="2022-10-08T21:31:15Z" duration-ms="14456" status="FAIL">
          <exception class="org.openqa.selenium.TimeoutException">
            <message>
              <![CDATA[Expected condition failed: waiting for element to be clickable: Proxy element for: DefaultElementLocator 'By.xpath: //*[@id="startStopButton"]
' (tried for 10 second(s) with 500 milliseconds interval)]]>
            </message>
            <full-stacktrace>
              <![CDATA[org.openqa.selenium.TimeoutException: Expected condition failed: waiting for element to be clickable: Proxy element for: DefaultElementLocator 'By.xpath: //*[@id="startStopButton"]
' (tried for 10 second(s) with 500 milliseconds interval)
at org.openqa.selenium.support.ui.WebDriverWait.timeoutException(WebDriverWait.java:87)
at org.openqa.selenium.support.ui.FluentWait.until(FluentWait.java:231)
at Utilities.Utils.explicitWaitElementClickable(Utils.java:62)
at Tools_QA_Page_Model.Wdget_Page.WidgetPageMethods.startAndStopProgressBar(WidgetPageMethods.java:221)
at TestRunner.TestRunner.goToProgressBar(TestRunner.java:147)
at java.base/jdk.internal.reflect.NativeMethodAccessorImpl.invoke0(Native Method)
at java.base/jdk.internal.reflect.NativeMethodAccessorImpl.invoke(NativeMethodAccessorImpl.java:62)
at java.base/jdk.internal.reflect.DelegatingMethodAccessorImpl.invoke(DelegatingMethodAccessorImpl.java:43)
at java.base/java.lang.reflect.Method.invoke(Method.java:566)
at org.testng.internal.MethodInvocationHelper.invokeMethod(MethodInvocationHelper.java:124)
at org.testng.internal.Invoker.invokeMethod(Invoker.java:583)
at org.testng.internal.Invoker.invokeTestMethod(Invoker.java:719)
at org.testng.internal.Invoker.invokeTestMethods(Invoker.java:989)
at org.testng.internal.TestMethodWorker.invokeTestMethods(TestMethodWorker.java:125)
at org.testng.internal.TestMethodWorker.run(TestMethodWorker.java:109)
at org.testng.TestRunner.privateRun(TestRunner.java:648)
at org.testng.TestRunner.run(TestRunner.java:505)
at org.testng.SuiteRunner.runTest(SuiteRunner.java:455)
at org.testng.SuiteRunner.runSequentially(SuiteRunner.java:450)
at org.testng.SuiteRunner.privateRun(SuiteRunner.java:415)
at org.testng.SuiteRunner.run(SuiteRunner.java:364)
at org.testng.SuiteRunnerWorker.runSuite(SuiteRunnerWorker.java:52)
at org.testng.SuiteRunnerWorker.run(SuiteRunnerWorker.java:84)
at org.testng.TestNG.runSuitesSequentially(TestNG.java:1208)
at org.testng.TestNG.runSuitesLocally(TestNG.java:1137)
at org.testng.TestNG.runSuites(TestNG.java:1049)
at org.testng.TestNG.run(TestNG.java:1017)
at org.apache.maven.surefire.testng.TestNGExecutor.run(TestNGExecutor.java:284)
at org.apache.maven.surefire.testng.TestNGXmlTestSuite.execute(TestNGXmlTestSuite.java:75)
at org.apache.maven.surefire.testng.TestNGProvider.invoke(TestNGProvider.java:119)
at org.apache.maven.surefire.booter.ForkedBooter.runSuitesInProcess(ForkedBooter.java:428)
at org.apache.maven.surefire.booter.ForkedBooter.execute(ForkedBooter.java:162)
at org.apache.maven.surefire.booter.ForkedBooter.run(ForkedBooter.java:562)
at org.apache.maven.surefire.booter.ForkedBooter.main(ForkedBooter.java:548)
Caused by: org.openqa.selenium.NoSuchElementException: no such element: Unable to locate element: {"method":"xpath","selector":"//*[@id="startStopButton"]
"}
  (Session info: chrome=105.0.5195.125)
For documentation on this error, please visit: https://selenium.dev/exceptions/#no_such_element
Build info: version: '4.4.0', revision: 'e5c75ed026a'
System info: host: 'dell-inspiron-5559', ip: '192.168.1.100', os.name: 'Linux', os.arch: 'amd64', os.version: '5.3.0-59-generic', java.version: '11.0.7'
Driver info: org.openqa.selenium.chrome.ChromeDriver
Command: [b218c33a253c0ab4eb6a32c8c9c8a781, findElement {using=xpath, value=//*[@id="startStopButton"]
}]
Capabilities {acceptInsecureCerts: false, browserName: chrome, browserVersion: 105.0.5195.125, chrome: {chromedriverVersion: 105.0.5195.52 (412c95e51883..., userDataDir: /tmp/.com.google.Chrome.gmxQb5}, goog:chromeOptions: {debuggerAddress: localhost:33655}, networkConnectionEnabled: false, pageLoadStrategy: normal, platformName: LINUX, proxy: Proxy(), se:cdp: ws://localhost:33655/devtoo..., se:cdpVersion: 105.0.5195.125, setWindowRect: true, strictFileInteractability: false, timeouts: {implicit: 0, pageLoad: 300000, script: 30000}, unhandledPromptBehavior: dismiss and notify, webauthn:extension:credBlob: true, webauthn:extension:largeBlob: true, webauthn:virtualAuthenticators: true}
Session ID: b218c33a253c0ab4eb6a32c8c9c8a781
at java.base/jdk.internal.reflect.NativeConstructorAccessorImpl.newInstance0(Native Method)
at java.base/jdk.internal.reflect.NativeConstructorAccessorImpl.newInstance(NativeConstructorAccessorImpl.java:62)
at java.base/jdk.internal.reflect.DelegatingConstructorAccessorImpl.newInstance(DelegatingConstructorAccessorImpl.java:45)
at java.base/java.lang.reflect.Constructor.newInstance(Constructor.java:490)
at org.openqa.selenium.remote.codec.w3c.W3CHttpResponseCodec.createException(W3CHttpResponseCodec.java:200)
at org.openqa.selenium.remote.codec.w3c.W3CHttpResponseCodec.decode(W3CHttpResponseCodec.java:133)
at org.openqa.selenium.remote.codec.w3c.W3CHttpResponseCodec.decode(W3CHttpResponseCodec.java:53)
at org.openqa.selenium.remote.HttpCommandExecutor.execute(HttpCommandExecutor.java:184)
at org.openqa.selenium.remote.service.DriverCommandExecutor.invokeExecute(DriverCommandExecutor.java:167)
at org.openqa.selenium.remote.service.DriverCommandExecutor.execute(DriverCommandExecutor.java:142)
at org.openqa.selenium.remote.RemoteWebDriver.execute(RemoteWebDriver.java:547)
at org.openqa.selenium.remote.ElementLocation$ElementFinder$2.findElement(ElementLocation.java:162)
at org.openqa.selenium.remote.ElementLocation.findElement(ElementLocation.java:60)
at org.openqa.selenium.remote.RemoteWebDriver.findElement(RemoteWebDriver.java:365)
at org.openqa.selenium.remote.RemoteWebDriver.findElement(RemoteWebDriver.java:357)
at org.openqa.selenium.support.pagefactory.DefaultElementLocator.findElement(DefaultElementLocator.java:70)
at org.openqa.selenium.support.pagefactory.internal.LocatingElementHandler.invoke(LocatingElementHandler.java:39)
at com.sun.proxy.$Proxy18.isDisplayed(Unknown Source)
at org.openqa.selenium.support.ui.ExpectedConditions.elementIfVisible(ExpectedConditions.java:307)
at org.openqa.selenium.support.ui.ExpectedConditions.access$000(ExpectedConditions.java:40)
at org.openqa.selenium.support.ui.ExpectedConditions$10.apply(ExpectedConditions.java:293)
at org.openqa.selenium.support.ui.ExpectedConditions$10.apply(ExpectedConditions.java:290)
at org.openqa.selenium.support.ui.ExpectedConditions$23.apply(ExpectedConditions.java:660)
at org.openqa.selenium.support.ui.ExpectedConditions$23.apply(ExpectedConditions.java:656)
at org.openqa.selenium.support.ui.FluentWait.until(FluentWait.java:208)
... 32 more
]]>
            </full-stacktrace>
          </exception> <!-- org.openqa.selenium.TimeoutException -->
          <reporter-output>
          </reporter-output>
        </test-method> <!-- goToProgressBar -->
        <test-method is-config="true" signature="implicitwait()[pri:0, instance:TestRunner.TestRunner@2fb0623e]" started-at="2022-10-08T21:31:15Z" name="implicitwait" finished-at="2022-10-08T21:31:15Z" duration-ms="2" status="PASS">
          <reporter-output>
          </reporter-output>
        </test-method> <!-- implicitwait -->
        <test-method is-config="true" signature="threadSleep()[pri:0, instance:TestRunner.TestRunner@2fb0623e]" started-at="2022-10-08T21:31:15Z" name="threadSleep" finished-at="2022-10-08T21:31:15Z" duration-ms="2" status="PASS">
          <reporter-output>
          </reporter-output>
        </test-method> <!-- threadSleep -->
        <test-method is-config="true" signature="testCasename()[pri:0, instance:TestRunner.TestRunner@2fb0623e]" started-at="2022-10-08T21:31:15Z" name="testCasename" finished-at="2022-10-08T21:31:15Z" duration-ms="0" status="PASS">
          <reporter-output>
          </reporter-output>
        </test-method> <!-- testCasename -->
        <test-method signature="goToFramesAndWindowsScreen()[pri:1, instance:TestRunner.TestRunner@2fb0623e]" started-at="2022-10-08T21:31:15Z" name="goToFramesAndWindowsScreen" description="Register for the book store" finished-at="2022-10-08T21:31:30Z" duration-ms="14386" status="FAIL">
          <exception class="org.openqa.selenium.TimeoutException">
            <message>
              <![CDATA[Expected condition failed: waiting for element to be clickable: Proxy element for: DefaultElementLocator 'By.xpath: /html[1]/body[1]/div[2]/div[1]/div[1]/div[2]/div[1]/div[3]/div[1]/div[2]/*[name()='svg'][1]
' (tried for 10 second(s) with 500 milliseconds interval)]]>
            </message>
            <full-stacktrace>
              <![CDATA[org.openqa.selenium.TimeoutException: Expected condition failed: waiting for element to be clickable: Proxy element for: DefaultElementLocator 'By.xpath: /html[1]/body[1]/div[2]/div[1]/div[1]/div[2]/div[1]/div[3]/div[1]/div[2]/*[name()='svg'][1]
' (tried for 10 second(s) with 500 milliseconds interval)
at org.openqa.selenium.support.ui.WebDriverWait.timeoutException(WebDriverWait.java:87)
at org.openqa.selenium.support.ui.FluentWait.until(FluentWait.java:231)
at Utilities.Utils.explicitWaitElementClickable(Utils.java:62)
at Tools_QA_Page_Model.Home_Page.HomePageMethods.clickFramewsAndWindowsLocator(HomePageMethods.java:25)
at TestRunner.TestRunner.goToFramesAndWindowsScreen(TestRunner.java:172)
at java.base/jdk.internal.reflect.NativeMethodAccessorImpl.invoke0(Native Method)
at java.base/jdk.internal.reflect.NativeMethodAccessorImpl.invoke(NativeMethodAccessorImpl.java:62)
at java.base/jdk.internal.reflect.DelegatingMethodAccessorImpl.invoke(DelegatingMethodAccessorImpl.java:43)
at java.base/java.lang.reflect.Method.invoke(Method.java:566)
at org.testng.internal.MethodInvocationHelper.invokeMethod(MethodInvocationHelper.java:124)
at org.testng.internal.Invoker.invokeMethod(Invoker.java:583)
at org.testng.internal.Invoker.invokeTestMethod(Invoker.java:719)
at org.testng.internal.Invoker.invokeTestMethods(Invoker.java:989)
at org.testng.internal.TestMethodWorker.invokeTestMethods(TestMethodWorker.java:125)
at org.testng.internal.TestMethodWorker.run(TestMethodWorker.java:109)
at org.testng.TestRunner.privateRun(TestRunner.java:648)
at org.testng.TestRunner.run(TestRunner.java:505)
at org.testng.SuiteRunner.runTest(SuiteRunner.java:455)
at org.testng.SuiteRunner.runSequentially(SuiteRunner.java:450)
at org.testng.SuiteRunner.privateRun(SuiteRunner.java:415)
at org.testng.SuiteRunner.run(SuiteRunner.java:364)
at org.testng.SuiteRunnerWorker.runSuite(SuiteRunnerWorker.java:52)
at org.testng.SuiteRunnerWorker.run(SuiteRunnerWorker.java:84)
at org.testng.TestNG.runSuitesSequentially(TestNG.java:1208)
at org.testng.TestNG.runSuitesLocally(TestNG.java:1137)
at org.testng.TestNG.runSuites(TestNG.java:1049)
at org.testng.TestNG.run(TestNG.java:1017)
at org.apache.maven.surefire.testng.TestNGExecutor.run(TestNGExecutor.java:284)
at org.apache.maven.surefire.testng.TestNGXmlTestSuite.execute(TestNGXmlTestSuite.java:75)
at org.apache.maven.surefire.testng.TestNGProvider.invoke(TestNGProvider.java:119)
at org.apache.maven.surefire.booter.ForkedBooter.runSuitesInProcess(ForkedBooter.java:428)
at org.apache.maven.surefire.booter.ForkedBooter.execute(ForkedBooter.java:162)
at org.apache.maven.surefire.booter.ForkedBooter.run(ForkedBooter.java:562)
at org.apache.maven.surefire.booter.ForkedBooter.main(ForkedBooter.java:548)
Caused by: org.openqa.selenium.NoSuchElementException: no such element: Unable to locate element: {"method":"xpath","selector":"/html[1]/body[1]/div[2]/div[1]/div[1]/div[2]/div[1]/div[3]/div[1]/div[2]/*[name()='svg'][1]
"}
  (Session info: chrome=105.0.5195.125)
For documentation on this error, please visit: https://selenium.dev/exceptions/#no_such_element
Build info: version: '4.4.0', revision: 'e5c75ed026a'
System info: host: 'dell-inspiron-5559', ip: '192.168.1.100', os.name: 'Linux', os.arch: 'amd64', os.version: '5.3.0-59-generic', java.version: '11.0.7'
Driver info: org.openqa.selenium.chrome.ChromeDriver
Command: [b218c33a253c0ab4eb6a32c8c9c8a781, findElement {using=xpath, value=/html[1]/body[1]/div[2]/div[1]/div[1]/div[2]/div[1]/div[3]/div[1]/div[2]/*[name()='svg'][1]
}]
Capabilities {acceptInsecureCerts: false, browserName: chrome, browserVersion: 105.0.5195.125, chrome: {chromedriverVersion: 105.0.5195.52 (412c95e51883..., userDataDir: /tmp/.com.google.Chrome.gmxQb5}, goog:chromeOptions: {debuggerAddress: localhost:33655}, networkConnectionEnabled: false, pageLoadStrategy: normal, platformName: LINUX, proxy: Proxy(), se:cdp: ws://localhost:33655/devtoo..., se:cdpVersion: 105.0.5195.125, setWindowRect: true, strictFileInteractability: false, timeouts: {implicit: 0, pageLoad: 300000, script: 30000}, unhandledPromptBehavior: dismiss and notify, webauthn:extension:credBlob: true, webauthn:extension:largeBlob: true, webauthn:virtualAuthenticators: true}
Session ID: b218c33a253c0ab4eb6a32c8c9c8a781
at java.base/jdk.internal.reflect.NativeConstructorAccessorImpl.newInstance0(Native Method)
at java.base/jdk.internal.reflect.NativeConstructorAccessorImpl.newInstance(NativeConstructorAccessorImpl.java:62)
at java.base/jdk.internal.reflect.DelegatingConstructorAccessorImpl.newInstance(DelegatingConstructorAccessorImpl.java:45)
at java.base/java.lang.reflect.Constructor.newInstance(Constructor.java:490)
at org.openqa.selenium.remote.codec.w3c.W3CHttpResponseCodec.createException(W3CHttpResponseCodec.java:200)
at org.openqa.selenium.remote.codec.w3c.W3CHttpResponseCodec.decode(W3CHttpResponseCodec.java:133)
at org.openqa.selenium.remote.codec.w3c.W3CHttpResponseCodec.decode(W3CHttpResponseCodec.java:53)
at org.openqa.selenium.remote.HttpCommandExecutor.execute(HttpCommandExecutor.java:184)
at org.openqa.selenium.remote.service.DriverCommandExecutor.invokeExecute(DriverCommandExecutor.java:167)
at org.openqa.selenium.remote.service.DriverCommandExecutor.execute(DriverCommandExecutor.java:142)
at org.openqa.selenium.remote.RemoteWebDriver.execute(RemoteWebDriver.java:547)
at org.openqa.selenium.remote.ElementLocation$ElementFinder$2.findElement(ElementLocation.java:162)
at org.openqa.selenium.remote.ElementLocation.findElement(ElementLocation.java:60)
at org.openqa.selenium.remote.RemoteWebDriver.findElement(RemoteWebDriver.java:365)
at org.openqa.selenium.remote.RemoteWebDriver.findElement(RemoteWebDriver.java:357)
at org.openqa.selenium.support.pagefactory.DefaultElementLocator.findElement(DefaultElementLocator.java:70)
at org.openqa.selenium.support.pagefactory.internal.LocatingElementHandler.invoke(LocatingElementHandler.java:39)
at com.sun.proxy.$Proxy18.isDisplayed(Unknown Source)
at org.openqa.selenium.support.ui.ExpectedConditions.elementIfVisible(ExpectedConditions.java:307)
at org.openqa.selenium.support.ui.ExpectedConditions.access$000(ExpectedConditions.java:40)
at org.openqa.selenium.support.ui.ExpectedConditions$10.apply(ExpectedConditions.java:293)
at org.openqa.selenium.support.ui.ExpectedConditions$10.apply(ExpectedConditions.java:290)
at org.openqa.selenium.support.ui.ExpectedConditions$23.apply(ExpectedConditions.java:660)
at org.openqa.selenium.support.ui.ExpectedConditions$23.apply(ExpectedConditions.java:656)
at org.openqa.selenium.support.ui.FluentWait.until(FluentWait.java:208)
... 32 more
]]>
            </full-stacktrace>
          </exception> <!-- org.openqa.selenium.TimeoutException -->
          <reporter-output>
          </reporter-output>
        </test-method> <!-- goToFramesAndWindowsScreen -->
        <test-method is-config="true" signature="close()[pri:0, instance:TestRunner.TestRunner@2fb0623e]" started-at="2022-10-08T21:31:30Z" name="close" finished-at="2022-10-08T21:31:30Z" duration-ms="110" status="PASS">
          <reporter-output>
          </reporter-output>
        </test-method> <!-- close -->
        <test-method is-config="true" signature="endSuite(java.lang.String, java.lang.String, java.lang.String, java.lang.String, java.lang.String)[pri:0, instance:TestRunner.TestRunner@2fb0623e]" started-at="2022-10-08T21:31:31Z" name="endSuite" finished-at="2022-10-08T21:31:59Z" duration-ms="28014" status="PASS">
          <params>
            <param index="0">
              <value>
                <![CDATA[${branch}]]>
              </value>
            </param>
            <param index="1">
              <value>
                <![CDATA[Selenium Demo Test Result on ]]>
              </value>
            </param>
            <param index="2">
              <value>
                <![CDATA[dcs.selenium.report@gmail.com]]>
              </value>
            </param>
            <param index="3">
              <value>
                <![CDATA[lmsbruovggrocqxk]]>
              </value>
            </param>
            <param index="4">
              <value>
                <![CDATA[vikasithasouth@gmail.com]]>
              </value>
            </param>
          </params>
          <reporter-output>
          </reporter-output>
        </test-method> <!-- endSuite -->
      </class> <!-- TestRunner.TestRunner -->
    </test> <!-- Sub_Suite_2 -->
  </suite> <!-- Test_Suite -->
</testng-results>
